<?xml version="1.0" encoding="UTF-8"?>
<testsuite name="DemoQaTests" tests="1" skipped="0" failures="0" errors="0" timestamp="2025-10-07T20:00:53.327Z" hostname="BIAMPC" time="8.125">
  <properties/>
  <testcase name="fillFormTest()" classname="DemoQaTests" time="8.125"/>
  <system-out><![CDATA[]]></system-out>
  <system-err><![CDATA[[Test worker] INFO com.codeborne.selenide.impl.WebDriverThreadLocalContainer - No webdriver is bound to current thread: 3 - let's create a new webdriver
[Test worker] INFO com.codeborne.selenide.impl.FileHelper - Creating folder: C:\Users\Biam\IdeaProjects\DemoqaFormAutomation\build\downloads\1759867253367_28776_3
[Test worker] INFO com.codeborne.selenide.webdriver.SelenideNettyClientFactory - Changed readTimeout from PT3M to PT1M30S
[Test worker] INFO com.codeborne.selenide.webdriver.SelenideNettyClientFactory - Changed readTimeout from PT3M to PT1M30S
окт. 07, 2025 11:00:54 PM org.openqa.selenium.devtools.CdpVersionFinder findNearestMatch
WARNING: Unable to find CDP implementation matching 140
окт. 07, 2025 11:00:54 PM org.openqa.selenium.chromium.ChromiumDriver lambda$new$5
WARNING: Unable to find version of CDP to use for 140.0.7339.208. You may need to include a dependency on a specific version of the CDP using something similar to `org.seleniumhq.selenium:selenium-devtools-v86:4.13.0` where the version ("v86") matches the version of the chromium-based browser you're using and the version number of the artifact is the same as Selenium's.
[Test worker] INFO com.codeborne.selenide.webdriver.WebDriverFactory - BrowserName=chrome Version=140.0.7339.208 Platform=windows
[Test worker] INFO com.codeborne.selenide.webdriver.WebDriverFactory - Selenide v. 6.19.1
[Test worker] INFO com.codeborne.selenide.webdriver.WebDriverFactory - Selenium WebDriver v. 4.13.0 build revision: ba948ece5b*
[Test worker] INFO com.codeborne.selenide.drivercommands.CreateDriverCommand - Created webdriver in thread 3: ChromeDriver -> ChromeDriver: chrome on windows (9d367ff58261b3f2ac84014f0d6fa101)
[Test worker] INFO com.codeborne.selenide.drivercommands.DisposablesRegistry - Register WebDriverInstance[config=StaticConfig,webDriver=ChromeDriver: chrome on windows (9d367ff58261b3f2ac84014f0d6fa101),proxy=null,downloadsFolder=C:\Users\Biam\IdeaProjects\DemoqaFormAutomation\build\downloads\1759867253367_28776_3] in 3 [size=1]
[Test worker] INFO com.codeborne.selenide.drivercommands.DisposablesRegistry - Add shutdown hook in 3 [size=1]
[Test worker] INFO com.codeborne.selenide.impl.WebDriverThreadLocalContainer - Browser will stay open due to holdBrowserOpen=true: 3 -> ChromeDriver: chrome on windows (9d367ff58261b3f2ac84014f0d6fa101)
]]></system-err>
</testsuite>
